<?xml version="1.0" encoding="UTF-8"?>
<!-- Generated by org.testng.reporters.JUnitReportReporter -->
<testsuite skipped="0" hostname="Swarit-PC" name="com.sonar.cubes.test.smoke.TestLoginUS001" tests="1" failures="0" timestamp="08 Apr 2017 00:48:54 GMT" time="44.323" errors="0">
  <testcase name="testValidLoginTC001" time="44.323" classname="com.sonar.cubes.test.smoke.TestLoginUS001"/>
</testsuite> <!-- com.sonar.cubes.test.smoke.TestLoginUS001 -->
