<?xml version="1.0" encoding="UTF-8"?>
<!-- Generated by org.testng.reporters.JUnitReportReporter -->
<testsuite hostname="Swarit-PC" name="com.sonar.cubes.test.smoke.TestLoginUS001" tests="1" failures="0" timestamp="8 Apr 2017 01:14:18 GMT" time="41.132" errors="0">
  <testcase name="testValidLoginTC001" time="41.132" classname="com.sonar.cubes.test.smoke.TestLoginUS001"/>
</testsuite> <!-- com.sonar.cubes.test.smoke.TestLoginUS001 -->
